app/build/intermediates/manifest_merge_blame_file/debug/processDebugMainManifest/manifest-merger-blame-debug-report.txt
1<?xml version="1.0" encoding="utf-8"?>
2<manifest xmlns:android="http://schemas.android.com/apk/res/android"
3    package="com.llucs.samota"
4    android:versionCode="1"
5    android:versionName="1.0.0" >
6
7    <uses-sdk
8        android:minSdkVersion="26"
9        android:targetSdkVersion="36" />
10
11    <uses-permission android:name="android.permission.INTERNET" />
11-->src/main/AndroidManifest.xml:2:5-67
11-->src/main/AndroidManifest.xml:2:22-64
12
13    <permission
13-->[androidx.core:core:1.17.0] AndroidManifest.xml:22:5-24:47
14        android:name="com.llucs.samota.DYNAMIC_RECEIVER_NOT_EXPORTED_PERMISSION"
14-->[androidx.core:core:1.17.0] AndroidManifest.xml:23:9-81
15        android:protectionLevel="signature" />
15-->[androidx.core:core:1.17.0] AndroidManifest.xml:24:9-44
16
17    <uses-permission android:name="com.llucs.samota.DYNAMIC_RECEIVER_NOT_EXPORTED_PERMISSION" />
17-->[androidx.core:core:1.17.0] AndroidManifest.xml:26:5-97
17-->[androidx.core:core:1.17.0] AndroidManifest.xml:26:22-94
18
19    <application
19-->src/main/AndroidManifest.xml:4:5-18:19
20        android:allowBackup="false"
20-->src/main/AndroidManifest.xml:5:9-36
21        android:appComponentFactory="androidx.core.app.CoreComponentFactory"
21-->[androidx.core:core:1.17.0] AndroidManifest.xml:28:18-86
22        android:debuggable="true"
23        android:extractNativeLibs="false"
24        android:icon="@drawable/ic_launcher"
24-->src/main/AndroidManifest.xml:7:9-45
25        android:label="SamOTA"
25-->src/main/AndroidManifest.xml:6:9-31
26        android:supportsRtl="true"
26-->src/main/AndroidManifest.xml:8:9-35
27        android:theme="@style/Theme.SamOTA" >
27-->src/main/AndroidManifest.xml:9:9-44
28        <activity
28-->src/main/AndroidManifest.xml:10:9-17:20
29            android:name="com.llucs.samota.MainActivity"
29-->src/main/AndroidManifest.xml:11:13-41
30            android:exported="true" >
30-->src/main/AndroidManifest.xml:12:13-36
31            <intent-filter>
31-->src/main/AndroidManifest.xml:13:13-16:29
32                <action android:name="android.intent.action.MAIN" />
32-->src/main/AndroidManifest.xml:14:17-69
32-->src/main/AndroidManifest.xml:14:25-66
33
34                <category android:name="android.intent.category.LAUNCHER" />
34-->src/main/AndroidManifest.xml:15:17-77
34-->src/main/AndroidManifest.xml:15:27-74
35            </intent-filter>
36        </activity>
37        <activity
37-->[androidx.compose.ui:ui-tooling-android:1.10.3] AndroidManifest.xml:23:9-25:39
38            android:name="androidx.compose.ui.tooling.PreviewActivity"
38-->[androidx.compose.ui:ui-tooling-android:1.10.3] AndroidManifest.xml:24:13-71
39            android:exported="true" />
39-->[androidx.compose.ui:ui-tooling-android:1.10.3] AndroidManifest.xml:25:13-36
40
41        <uses-library
41-->[androidx.window:window:1.5.0] AndroidManifest.xml:23:9-25:40
42            android:name="androidx.window.extensions"
42-->[androidx.window:window:1.5.0] AndroidManifest.xml:24:13-54
43            android:required="false" />
43-->[androidx.window:window:1.5.0] AndroidManifest.xml:25:13-37
44        <uses-library
44-->[androidx.window:window:1.5.0] AndroidManifest.xml:26:9-28:40
45            android:name="androidx.window.sidecar"
45-->[androidx.window:window:1.5.0] AndroidManifest.xml:27:13-51
46            android:required="false" />
46-->[androidx.window:window:1.5.0] AndroidManifest.xml:28:13-37
47
48        <provider
48-->[androidx.emoji2:emoji2:1.4.0] AndroidManifest.xml:24:9-32:20
49            android:name="androidx.startup.InitializationProvider"
49-->[androidx.emoji2:emoji2:1.4.0] AndroidManifest.xml:25:13-67
50            android:authorities="com.llucs.samota.androidx-startup"
50-->[androidx.emoji2:emoji2:1.4.0] AndroidManifest.xml:26:13-68
51            android:exported="false" >
51-->[androidx.emoji2:emoji2:1.4.0] AndroidManifest.xml:27:13-37
52            <meta-data
52-->[androidx.emoji2:emoji2:1.4.0] AndroidManifest.xml:29:13-31:52
53                android:name="androidx.emoji2.text.EmojiCompatInitializer"
53-->[androidx.emoji2:emoji2:1.4.0] AndroidManifest.xml:30:17-75
54                android:value="androidx.startup" />
54-->[androidx.emoji2:emoji2:1.4.0] AndroidManifest.xml:31:17-49
55            <meta-data
55-->[androidx.lifecycle:lifecycle-process:2.9.4] AndroidManifest.xml:29:13-31:52
56                android:name="androidx.lifecycle.ProcessLifecycleInitializer"
56-->[androidx.lifecycle:lifecycle-process:2.9.4] AndroidManifest.xml:30:17-78
57                android:value="androidx.startup" />
57-->[androidx.lifecycle:lifecycle-process:2.9.4] AndroidManifest.xml:31:17-49
58            <meta-data
58-->[com.squareup.okhttp3:okhttp-android:5.0.0] AndroidManifest.xml:16:13-18:52
59                android:name="okhttp3.internal.platform.PlatformInitializer"
59-->[com.squareup.okhttp3:okhttp-android:5.0.0] AndroidManifest.xml:17:17-77
60                android:value="androidx.startup" />
60-->[com.squareup.okhttp3:okhttp-android:5.0.0] AndroidManifest.xml:18:17-49
61            <meta-data
61-->[androidx.profileinstaller:profileinstaller:1.4.0] AndroidManifest.xml:29:13-31:52
62                android:name="androidx.profileinstaller.ProfileInstallerInitializer"
62-->[androidx.profileinstaller:profileinstaller:1.4.0] AndroidManifest.xml:30:17-85
63                android:value="androidx.startup" />
63-->[androidx.profileinstaller:profileinstaller:1.4.0] AndroidManifest.xml:31:17-49
64        </provider>
65
66        <receiver
66-->[androidx.profileinstaller:profileinstaller:1.4.0] AndroidManifest.xml:34:9-52:20
67            android:name="androidx.profileinstaller.ProfileInstallReceiver"
67-->[androidx.profileinstaller:profileinstaller:1.4.0] AndroidManifest.xml:35:13-76
68            android:directBootAware="false"
68-->[androidx.profileinstaller:profileinstaller:1.4.0] AndroidManifest.xml:36:13-44
69            android:enabled="true"
69-->[androidx.profileinstaller:profileinstaller:1.4.0] AndroidManifest.xml:37:13-35
70            android:exported="true"
70-->[androidx.profileinstaller:profileinstaller:1.4.0] AndroidManifest.xml:38:13-36
71            android:permission="android.permission.DUMP" >
71-->[androidx.profileinstaller:profileinstaller:1.4.0] AndroidManifest.xml:39:13-57
72            <intent-filter>
72-->[androidx.profileinstaller:profileinstaller:1.4.0] AndroidManifest.xml:40:13-42:29
73                <action android:name="androidx.profileinstaller.action.INSTALL_PROFILE" />
73-->[androidx.profileinstaller:profileinstaller:1.4.0] AndroidManifest.xml:41:17-91
73-->[androidx.profileinstaller:profileinstaller:1.4.0] AndroidManifest.xml:41:25-88
74            </intent-filter>
75            <intent-filter>
75-->[androidx.profileinstaller:profileinstaller:1.4.0] AndroidManifest.xml:43:13-45:29
76                <action android:name="androidx.profileinstaller.action.SKIP_FILE" />
76-->[androidx.profileinstaller:profileinstaller:1.4.0] AndroidManifest.xml:44:17-85
76-->[androidx.profileinstaller:profileinstaller:1.4.0] AndroidManifest.xml:44:25-82
77            </intent-filter>
78            <intent-filter>
78-->[androidx.profileinstaller:profileinstaller:1.4.0] AndroidManifest.xml:46:13-48:29
79                <action android:name="androidx.profileinstaller.action.SAVE_PROFILE" />
79-->[androidx.profileinstaller:profileinstaller:1.4.0] AndroidManifest.xml:47:17-88
79-->[androidx.profileinstaller:profileinstaller:1.4.0] AndroidManifest.xml:47:25-85
80            </intent-filter>
81            <intent-filter>
81-->[androidx.profileinstaller:profileinstaller:1.4.0] AndroidManifest.xml:49:13-51:29
82                <action android:name="androidx.profileinstaller.action.BENCHMARK_OPERATION" />
82-->[androidx.profileinstaller:profileinstaller:1.4.0] AndroidManifest.xml:50:17-95
82-->[androidx.profileinstaller:profileinstaller:1.4.0] AndroidManifest.xml:50:25-92
83            </intent-filter>
84        </receiver>
85    </application>
86
87</manifest>